d:\customengine\tgameengine\tgameengine\x64\debug\vc141.pdb
d:\customengine\tgameengine\tgameengine\x64\debug\vc141.idb
d:\customengine\tgameengine\tgameengine\x64\debug\icomponent.obj
d:\customengine\tgameengine\tgameengine\x64\debug\inputmanager.obj
d:\customengine\tgameengine\tgameengine\x64\debug\main.obj
d:\customengine\tgameengine\tgameengine\x64\debug\tgameengine.pch
d:\customengine\tgameengine\tgameengine\x64\debug\stdafx.obj
d:\customengine\tgameengine\tgameengine\x64\debug\inputcommand.obj
d:\customengine\tgameengine\tgameengine\x64\debug\testinput.obj
d:\customengine\tgameengine\x64\debug\tgameengine.ilk
d:\customengine\tgameengine\x64\debug\tgameengine.exe
d:\customengine\tgameengine\x64\debug\tgameengine.pdb
d:\documents - data\github\hobbyengine\tgameengine\tgameengine\x64\debug\icomponent.obj
d:\documents - data\github\hobbyengine\tgameengine\tgameengine\x64\debug\inputcommand.obj
d:\documents - data\github\hobbyengine\tgameengine\tgameengine\x64\debug\inputmanager.obj
d:\documents - data\github\hobbyengine\tgameengine\tgameengine\x64\debug\main.obj
d:\documents - data\github\hobbyengine\tgameengine\tgameengine\x64\debug\stdafx.obj
d:\documents - data\github\hobbyengine\tgameengine\tgameengine\x64\debug\testinput.obj
d:\documents - data\github\hobbyengine\tgameengine\tgameengine\x64\debug\tgameengine.pch
d:\documents - data\github\hobbyengine\tgameengine\tgameengine\x64\debug\vc141.idb
d:\documents - data\github\hobbyengine\tgameengine\tgameengine\x64\debug\vc141.pdb
d:\documents - data\github\hobbyengine\tgameengine\x64\debug\tgameengine.pdb
d:\documents - data\github\hobbyengine\tgameengine\x64\debug\tgameengine.exe
d:\documents - data\github\hobbyengine\tgameengine\x64\debug\tgameengine.ilk
d:\documents - data\github\hobbyengine\tgameengine\tgameengine\x64\debug\tgameengine.tlog\cl.command.1.tlog
d:\documents - data\github\hobbyengine\tgameengine\tgameengine\x64\debug\tgameengine.tlog\cl.read.1.tlog
d:\documents - data\github\hobbyengine\tgameengine\tgameengine\x64\debug\tgameengine.tlog\cl.write.1.tlog
d:\documents - data\github\hobbyengine\tgameengine\tgameengine\x64\debug\tgameengine.tlog\link.command.1.tlog
d:\documents - data\github\hobbyengine\tgameengine\tgameengine\x64\debug\tgameengine.tlog\link.read.1.tlog
d:\documents - data\github\hobbyengine\tgameengine\tgameengine\x64\debug\tgameengine.tlog\link.write.1.tlog
